  Draw.cpp
C:\Users\Azat\Desktop\программы\PvZ\PvZ\settings.h(10,14): warning C4244: =: преобразование "Tx" в "float", возможна потеря данных
          with
          [
              Tx=int
          ]
C:\Users\Azat\Desktop\программы\PvZ\PvZ\settings.h(53,38): message : выполняется компиляция ссылки на экземпляр шаблон функции "insts::Pos::Pos<int,int>(Tx,Ty)"
          with
          [
              Tx=int,
              Ty=int
          ]
C:\Users\Azat\Desktop\программы\PvZ\PvZ\settings.h(11,14): warning C4244: =: преобразование "Ty" в "float", возможна потеря данных
          with
          [
              Ty=int
          ]
  Grid.cpp
C:\Users\Azat\Desktop\программы\PvZ\PvZ\Grid.cpp(13,9): warning C4244: аргумент: преобразование "float" в "const unsigned __int64", возможна потеря данных
C:\Users\Azat\Desktop\программы\PvZ\PvZ\Grid.cpp(13,15): warning C4244: аргумент: преобразование "float" в "const unsigned __int64", возможна потеря данных
C:\Users\Azat\Desktop\программы\PvZ\PvZ\Grid.cpp(17,9): warning C4244: аргумент: преобразование "float" в "const unsigned __int64", возможна потеря данных
C:\Users\Azat\Desktop\программы\PvZ\PvZ\Grid.cpp(17,15): warning C4244: аргумент: преобразование "float" в "const unsigned __int64", возможна потеря данных
C:\Users\Azat\Desktop\программы\PvZ\PvZ\settings.h(10,14): warning C4244: =: преобразование "Tx" в "float", возможна потеря данных
          with
          [
              Tx=int
          ]
C:\Users\Azat\Desktop\программы\PvZ\PvZ\settings.h(53,38): message : выполняется компиляция ссылки на экземпляр шаблон функции "insts::Pos::Pos<int,int>(Tx,Ty)"
          with
          [
              Tx=int,
              Ty=int
          ]
C:\Users\Azat\Desktop\программы\PvZ\PvZ\settings.h(11,14): warning C4244: =: преобразование "Ty" в "float", возможна потеря данных
          with
          [
              Ty=int
          ]
  PeeShooter.cpp
C:\Users\Azat\Desktop\программы\PvZ\PvZ\settings.h(10,14): warning C4244: =: преобразование "Tx" в "float", возможна потеря данных
          with
          [
              Tx=int
          ]
C:\Users\Azat\Desktop\программы\PvZ\PvZ\settings.h(53,38): message : выполняется компиляция ссылки на экземпляр шаблон функции "insts::Pos::Pos<int,int>(Tx,Ty)"
          with
          [
              Tx=int,
              Ty=int
          ]
C:\Users\Azat\Desktop\программы\PvZ\PvZ\settings.h(11,14): warning C4244: =: преобразование "Ty" в "float", возможна потеря данных
          with
          [
              Ty=int
          ]
  main.cpp
C:\Users\Azat\Desktop\программы\PvZ\PvZ\settings.h(10,14): warning C4244: =: преобразование "Tx" в "float", возможна потеря данных
          with
          [
              Tx=int
          ]
C:\Users\Azat\Desktop\программы\PvZ\PvZ\settings.h(53,38): message : выполняется компиляция ссылки на экземпляр шаблон функции "insts::Pos::Pos<int,int>(Tx,Ty)"
          with
          [
              Tx=int,
              Ty=int
          ]
C:\Users\Azat\Desktop\программы\PvZ\PvZ\settings.h(11,14): warning C4244: =: преобразование "Ty" в "float", возможна потеря данных
          with
          [
              Ty=int
          ]
  Создание кода
  8 of 244 functions ( 3.3%) were compiled, the rest were copied from previous compilation.
    0 functions were new in current compilation
    0 functions had inline decision re-evaluated but remain unchanged
  Создание кода завершено
  PvZ.vcxproj -> C:\Users\Azat\Desktop\программы\PvZ\x64\Release\PvZ.exe
