  main.cpp
C:\Users\Azat\Documents\libraries\SFML-2.6.1\include\SFML\Window\Window.hpp(60,12): error C2059: синтаксическая ошибка: )
C:\Users\Azat\Documents\libraries\SFML-2.6.1\include\SFML\Window\Window.hpp(60,13): error C2238: непредвиденные лексемы перед ";"
C:\Users\Azat\Documents\libraries\SFML-2.6.1\include\SFML\Window\Window.hpp(81,22): error C2146: синтаксическая ошибка: отсутствие ")" перед идентификатором "mode"
C:\Users\Azat\Documents\libraries\SFML-2.6.1\include\SFML\Window\Window.hpp(81,22): error C3646: mode: неизвестный спецификатор переопределения
C:\Users\Azat\Documents\libraries\SFML-2.6.1\include\SFML\Window\Window.hpp(81,12): error C2079: "sf::RenderWindow::VideoMode" использует не имеющую определения структуру class "sf::Window"
C:\Users\Azat\Documents\libraries\SFML-2.6.1\include\SFML\Window\Window.hpp(81,40): error C2143: синтаксическая ошибка: отсутствие ";" перед "&"
C:\Users\Azat\Documents\libraries\SFML-2.6.1\include\SFML\Window\Window.hpp(81,34): error C2079: "sf::RenderWindow::String" использует не имеющую определения структуру class "sf::Window"
C:\Users\Azat\Documents\libraries\SFML-2.6.1\include\SFML\Window\Window.hpp(81,40): warning C4228: Нестандартное расширение: квалификаторы после запятой в списке операторов объявления пропускаются.
C:\Users\Azat\Documents\libraries\SFML-2.6.1\include\SFML\Window\Window.hpp(81,131): error C2059: синтаксическая ошибка: )
C:\Users\Azat\Documents\libraries\SFML-2.6.1\include\SFML\Window\Window.hpp(81,132): error C2238: непредвиденные лексемы перед ";"
C:\Users\Azat\Documents\libraries\SFML-2.6.1\include\SFML\Window\Window.hpp(97,34): error C2146: синтаксическая ошибка: отсутствие ")" перед идентификатором "handle"
C:\Users\Azat\Documents\libraries\SFML-2.6.1\include\SFML\Window\Window.hpp(97,34): error C3646: handle: неизвестный спецификатор переопределения
C:\Users\Azat\Documents\libraries\SFML-2.6.1\include\SFML\Window\Window.hpp(97,21): error C2079: "sf::RenderWindow::WindowHandle" использует не имеющую определения структуру class "sf::Window"
C:\Users\Azat\Documents\libraries\SFML-2.6.1\include\SFML\Window\Window.hpp(97,40): error C2178: "sf::RenderWindow::WindowHandle" нельзя объявить с описателем "explicit"
C:\Users\Azat\Documents\libraries\SFML-2.6.1\include\SFML\Window\Window.hpp(97,63): error C2143: синтаксическая ошибка: отсутствие ";" перед "&"
C:\Users\Azat\Documents\libraries\SFML-2.6.1\include\SFML\Window\Window.hpp(97,48): error C2079: "sf::RenderWindow::ContextSettings" использует не имеющую определения структуру class "sf::Window"
C:\Users\Azat\Documents\libraries\SFML-2.6.1\include\SFML\Window\Window.hpp(97,63): error C2178: "sf::RenderWindow::ContextSettings" нельзя объявить с описателем "explicit"
C:\Users\Azat\Documents\libraries\SFML-2.6.1\include\SFML\Window\Window.hpp(97,63): warning C4228: Нестандартное расширение: квалификаторы после запятой в списке операторов объявления пропускаются.
C:\Users\Azat\Documents\libraries\SFML-2.6.1\include\SFML\Window\Window.hpp(97,93): error C2059: синтаксическая ошибка: )
C:\Users\Azat\Documents\libraries\SFML-2.6.1\include\SFML\Window\Window.hpp(97,94): error C2238: непредвиденные лексемы перед ";"
C:\Users\Azat\Documents\libraries\SFML-2.6.1\include\SFML\Window\Window.hpp(105,20): error C2523: sf::RenderWindow::~Window: несовпадение тегов деструктор
C:\Users\Azat\Documents\libraries\SFML-2.6.1\include\SFML\Window\Window.hpp(119,35): error C2327: sf::RenderWindow::VideoMode: не является именем типа, статическим членом или перечислителем
C:\Users\Azat\Documents\libraries\SFML-2.6.1\include\SFML\Window\Window.hpp(119,53): error C4430: отсутствует спецификатор типа - предполагается int. Примечание. C++ не поддерживает int по умолчанию
C:\Users\Azat\Documents\libraries\SFML-2.6.1\include\SFML\Window\Window.hpp(119,53): error C2143: синтаксическая ошибка: отсутствие "," перед "&"
C:\Users\Azat\Documents\libraries\SFML-2.6.1\include\SFML\Window\Window.hpp(138,35): error C2327: sf::RenderWindow::VideoMode: не является именем типа, статическим членом или перечислителем
C:\Users\Azat\Documents\libraries\SFML-2.6.1\include\SFML\Window\Window.hpp(138,53): error C4430: отсутствует спецификатор типа - предполагается int. Примечание. C++ не поддерживает int по умолчанию
C:\Users\Azat\Documents\libraries\SFML-2.6.1\include\SFML\Window\Window.hpp(138,53): error C2143: синтаксическая ошибка: отсутствие "," перед "&"
C:\Users\Azat\Documents\libraries\SFML-2.6.1\include\SFML\Window\Window.hpp(138,18): error C2535: void sf::RenderWindow::create(sf::VideoMode,const int): функция-член уже определена или объявлена
C:\Users\Azat\Documents\libraries\SFML-2.6.1\include\SFML\Window\Window.hpp(119,18): message : см. объявление "sf::RenderWindow::create"
C:\Users\Azat\Documents\libraries\SFML-2.6.1\include\SFML\Window\Window.hpp(150,38): error C2327: sf::RenderWindow::WindowHandle: не является именем типа, статическим членом или перечислителем
C:\Users\Azat\Documents\libraries\SFML-2.6.1\include\SFML\Window\Window.hpp(167,38): error C2327: sf::RenderWindow::WindowHandle: не является именем типа, статическим членом или перечислителем
C:\Users\Azat\Documents\libraries\SFML-2.6.1\include\SFML\Window\Window.hpp(167,67): error C4430: отсутствует спецификатор типа - предполагается int. Примечание. C++ не поддерживает int по умолчанию
C:\Users\Azat\Documents\libraries\SFML-2.6.1\include\SFML\Window\Window.hpp(167,67): error C2143: синтаксическая ошибка: отсутствие "," перед "&"
C:\Users\Azat\Documents\libraries\SFML-2.6.1\include\SFML\Window\Window.hpp(192,26): error C2327: sf::RenderWindow::ContextSettings: не является именем типа, статическим членом или перечислителем
C:\Users\Azat\Documents\libraries\SFML-2.6.1\include\SFML\Graphics\RenderWindow.hpp(44,38): error C2011: sf::RenderWindow: переопределение типа "class"
C:\Users\Azat\Documents\libraries\SFML-2.6.1\include\SFML\Window\Window.hpp(49,23): message : см. объявление "sf::RenderWindow"
C:\Users\Azat\Desktop\horror-Pvz\horror-pvz\main\PvZ\PvZ\main.cpp(5,22): error C2079: "window" использует не имеющую определения структуру class "sf::RenderWindow"
C:\Users\Azat\Desktop\horror-Pvz\horror-pvz\main\PvZ\PvZ\main.cpp(5,28): error C2440: инициализация: невозможно преобразовать "initializer list" в "int"
C:\Users\Azat\Desktop\horror-Pvz\horror-pvz\main\PvZ\PvZ\main.cpp(5,28): message : Инициализатор содержит слишком много элементов
